[debug] [2023-06-28T06:55:20.643Z] ----------------------------------------------------------------------
[debug] [2023-06-28T06:55:20.644Z] Command:       /Users/rajaramesh/.nvm/versions/node/v18.14.2/bin/node /usr/local/bin/firebase init
[debug] [2023-06-28T06:55:20.644Z] CLI Version:   11.22.0
[debug] [2023-06-28T06:55:20.644Z] Platform:      darwin
[debug] [2023-06-28T06:55:20.644Z] Node Version:  v18.14.2
[debug] [2023-06-28T06:55:20.645Z] Time:          Wed Jun 28 2023 12:25:20 GMT+0530 (India Standard Time)
[debug] [2023-06-28T06:55:20.645Z] ----------------------------------------------------------------------
[debug] 
[debug] [2023-06-28T06:55:20.648Z] > command requires scopes: ["email","openid","https://www.googleapis.com/auth/cloudplatformprojects.readonly","https://www.googleapis.com/auth/firebase","https://www.googleapis.com/auth/cloud-platform"]
[debug] [2023-06-28T06:55:20.648Z] > authorizing via signed-in user (rajaramesh.polumuru@gmail.com)
[info] 
     ######## #### ########  ######## ########     ###     ######  ########
     ##        ##  ##     ## ##       ##     ##  ##   ##  ##       ##
     ######    ##  ########  ######   ########  #########  ######  ######
     ##        ##  ##    ##  ##       ##     ## ##     ##       ## ##
     ##       #### ##     ## ######## ########  ##     ##  ######  ########

You're about to initialize a Firebase project in this directory:

  /Users/rajaramesh/Documents/Mini Projects/swiggy-clone

[info] 
=== Project Setup
[info] 
[info] First, let's associate this project directory with a Firebase project.
[info] You can create multiple project aliases by running firebase use --add, 
[info] but for now we'll just set up a default project.
[info] 
[debug] [2023-06-28T06:55:35.164Z] >>> [apiv2][query] GET https://firebase.googleapis.com/v1beta1/projects pageSize=100
[debug] [2023-06-28T06:55:36.602Z] <<< [apiv2][status] GET https://firebase.googleapis.com/v1beta1/projects 200
[debug] [2023-06-28T06:55:36.602Z] <<< [apiv2][body] GET https://firebase.googleapis.com/v1beta1/projects [omitted]
[info] i  Using project swiggy-clo-de4c3 (swiggy-clone) 
[info] 
=== Firestore Setup
[debug] [2023-06-28T06:55:40.123Z] >>> [apiv2][query] GET https://serviceusage.googleapis.com/v1/projects/swiggy-clo-de4c3/services/firestore.googleapis.com [none]
[debug] [2023-06-28T06:55:40.123Z] >>> [apiv2][(partial)header] GET https://serviceusage.googleapis.com/v1/projects/swiggy-clo-de4c3/services/firestore.googleapis.com x-goog-quota-user=projects/swiggy-clo-de4c3
[debug] [2023-06-28T06:55:41.681Z] <<< [apiv2][status] GET https://serviceusage.googleapis.com/v1/projects/swiggy-clo-de4c3/services/firestore.googleapis.com 200
[debug] [2023-06-28T06:55:41.681Z] <<< [apiv2][body] GET https://serviceusage.googleapis.com/v1/projects/swiggy-clo-de4c3/services/firestore.googleapis.com [omitted]
[debug] [2023-06-28T06:55:41.683Z] >>> [apiv2][query] GET https://firestore.googleapis.com/v1/projects/swiggy-clo-de4c3/databases/(default) [none]
[debug] [2023-06-28T06:55:42.007Z] <<< [apiv2][status] GET https://firestore.googleapis.com/v1/projects/swiggy-clo-de4c3/databases/(default) 200
[debug] [2023-06-28T06:55:42.007Z] <<< [apiv2][body] GET https://firestore.googleapis.com/v1/projects/swiggy-clo-de4c3/databases/(default) {"name":"projects/swiggy-clo-de4c3/databases/(default)","uid":"ef7eb029-e481-444c-8407-83a5e09561d9","createTime":"2023-06-28T06:55:02.588446Z","updateTime":"2023-06-28T06:55:02.588446Z","locationId":"asia-south1","type":"FIRESTORE_NATIVE","concurrencyMode":"PESSIMISTIC","versionRetentionPeriod":"3600s","earliestVersionTime":"2023-06-28T06:55:02.588446Z","appEngineIntegrationMode":"DISABLED","keyPrefix":"j","pointInTimeRecoveryEnablement":"POINT_IN_TIME_RECOVERY_DISABLED","deleteProtectionState":"DELETE_PROTECTION_DISABLED","etag":"IJfT65Ox5f8CMJ6w9YCx5f8C"}
[debug] [2023-06-28T06:55:42.007Z] database_type: FIRESTORE_NATIVE
[debug] [2023-06-28T06:55:42.008Z] > command requires scopes: ["email","openid","https://www.googleapis.com/auth/cloudplatformprojects.readonly","https://www.googleapis.com/auth/firebase","https://www.googleapis.com/auth/cloud-platform"]
[debug] [2023-06-28T06:55:42.008Z] > authorizing via signed-in user (rajaramesh.polumuru@gmail.com)
[debug] [2023-06-28T06:55:42.009Z] [iam] checking project swiggy-clo-de4c3 for permissions ["firebase.projects.get"]
[debug] [2023-06-28T06:55:42.009Z] >>> [apiv2][query] POST https://cloudresourcemanager.googleapis.com/v1/projects/swiggy-clo-de4c3:testIamPermissions [none]
[debug] [2023-06-28T06:55:42.009Z] >>> [apiv2][(partial)header] POST https://cloudresourcemanager.googleapis.com/v1/projects/swiggy-clo-de4c3:testIamPermissions x-goog-quota-user=projects/swiggy-clo-de4c3
[debug] [2023-06-28T06:55:42.010Z] >>> [apiv2][body] POST https://cloudresourcemanager.googleapis.com/v1/projects/swiggy-clo-de4c3:testIamPermissions {"permissions":["firebase.projects.get"]}
[debug] [2023-06-28T06:55:42.425Z] <<< [apiv2][status] POST https://cloudresourcemanager.googleapis.com/v1/projects/swiggy-clo-de4c3:testIamPermissions 200
[debug] [2023-06-28T06:55:42.425Z] <<< [apiv2][body] POST https://cloudresourcemanager.googleapis.com/v1/projects/swiggy-clo-de4c3:testIamPermissions {"permissions":["firebase.projects.get"]}
[info] 
[info] Firestore Security Rules allow you to define how and when to allow
[info] requests. You can keep these rules in your project directory
[info] and publish them with firebase deploy.
[info] 
[debug] [2023-06-28T06:55:49.394Z] >>> [apiv2][query] GET https://firebaserules.googleapis.com/v1/projects/swiggy-clo-de4c3/releases pageSize=10&pageToken=
[debug] [2023-06-28T06:55:50.926Z] <<< [apiv2][status] GET https://firebaserules.googleapis.com/v1/projects/swiggy-clo-de4c3/releases 200
[debug] [2023-06-28T06:55:50.926Z] <<< [apiv2][body] GET https://firebaserules.googleapis.com/v1/projects/swiggy-clo-de4c3/releases {"releases":[{"name":"projects/swiggy-clo-de4c3/releases/cloud.firestore","rulesetName":"projects/swiggy-clo-de4c3/rulesets/7b343718-03fc-446f-a363-99e8d656e354","createTime":"2023-06-28T06:55:11.804673Z","updateTime":"2023-06-28T06:55:11.804673Z"}]}
[debug] [2023-06-28T06:55:50.927Z] Found ruleset: projects/swiggy-clo-de4c3/rulesets/7b343718-03fc-446f-a363-99e8d656e354
[debug] [2023-06-28T06:55:50.928Z] >>> [apiv2][query] GET https://firebaserules.googleapis.com/v1/projects/swiggy-clo-de4c3/rulesets/7b343718-03fc-446f-a363-99e8d656e354 [none]
[debug] [2023-06-28T06:55:52.363Z] <<< [apiv2][status] GET https://firebaserules.googleapis.com/v1/projects/swiggy-clo-de4c3/rulesets/7b343718-03fc-446f-a363-99e8d656e354 200
[debug] [2023-06-28T06:55:52.363Z] <<< [apiv2][body] GET https://firebaserules.googleapis.com/v1/projects/swiggy-clo-de4c3/rulesets/7b343718-03fc-446f-a363-99e8d656e354 [omitted]
[info] 
[info] Firestore indexes allow you to perform complex queries while
[info] maintaining performance that scales with the size of the result
[info] set. You can keep index definitions in your project directory
[info] and publish them with firebase deploy.
[info] 
[debug] [2023-06-28T06:55:54.203Z] >>> [apiv2][query] GET https://firestore.googleapis.com/v1/projects/swiggy-clo-de4c3/databases/(default)/collectionGroups/-/indexes [none]
[debug] [2023-06-28T06:55:54.206Z] >>> [apiv2][query] GET https://firestore.googleapis.com/v1/projects/swiggy-clo-de4c3/databases/(default)/collectionGroups/-/fields?filter=indexConfig.usesAncestorConfig=false OR ttlConfig:* [none]
[debug] [2023-06-28T06:55:54.614Z] <<< [apiv2][status] GET https://firestore.googleapis.com/v1/projects/swiggy-clo-de4c3/databases/(default)/collectionGroups/-/indexes 200
[debug] [2023-06-28T06:55:54.614Z] <<< [apiv2][body] GET https://firestore.googleapis.com/v1/projects/swiggy-clo-de4c3/databases/(default)/collectionGroups/-/indexes {}
[debug] [2023-06-28T06:55:54.615Z] <<< [apiv2][status] GET https://firestore.googleapis.com/v1/projects/swiggy-clo-de4c3/databases/(default)/collectionGroups/-/fields?filter=indexConfig.usesAncestorConfig=false OR ttlConfig:* 200
[debug] [2023-06-28T06:55:54.615Z] <<< [apiv2][body] GET https://firestore.googleapis.com/v1/projects/swiggy-clo-de4c3/databases/(default)/collectionGroups/-/fields?filter=indexConfig.usesAncestorConfig=false OR ttlConfig:* {"fields":[{"name":"projects/swiggy-clo-de4c3/databases/(default)/collectionGroups/__default__/fields/*","indexConfig":{"indexes":[{"queryScope":"COLLECTION","fields":[{"fieldPath":"*","order":"ASCENDING"}],"state":"READY"},{"queryScope":"COLLECTION","fields":[{"fieldPath":"*","order":"DESCENDING"}],"state":"READY"},{"queryScope":"COLLECTION","fields":[{"fieldPath":"*","arrayConfig":"CONTAINS"}],"state":"READY"}]}}]}
[info] 
=== Hosting Setup
[info] 
[info] Your public directory is the folder (relative to your project directory) that
[info] will contain Hosting assets to be uploaded with firebase deploy. If you
[info] have a build process for your assets, use your build's output directory.
[info] 
